<?xml version="1.0" encoding="UTF-8"?>
<testng-results skipped="0" failed="0" ignored="0" total="1" passed="1">
  <reporter-output>
  </reporter-output>
  <suite name="Default suite" duration-ms="18673" started-at="2019-07-03T13:47:03Z" finished-at="2019-07-03T13:47:22Z">
    <groups>
    </groups>
    <test name="Default test" duration-ms="18673" started-at="2019-07-03T13:47:03Z" finished-at="2019-07-03T13:47:22Z">
      <class name="com.profiler.classification.WordSearch">
        <test-method status="PASS" signature="searchTextCount()[pri:0, instance:com.profiler.classification.WordSearch@49993335]" name="searchTextCount" duration-ms="18528" started-at="2019-07-03T13:47:04Z" finished-at="2019-07-03T13:47:22Z">
          <reporter-output>
          </reporter-output>
        </test-method> <!-- searchTextCount -->
      </class> <!-- com.profiler.classification.WordSearch -->
    </test> <!-- Default test -->
  </suite> <!-- Default suite -->
</testng-results>
